  Color.cpp
  DirectionalLight.cpp
<<<<<<< HEAD
  Light.cpp
  main.cpp
  TransformStack.cpp
=======
>>>>>>> parent of 8007043... Revert "Tidy up imports. Improve layout of code."
  Point.cpp
  PointLight.cpp
  Ray.cpp
  ReadFile.cpp
  Scene.cpp
  Shape.cpp
  Sphere.cpp
<<<<<<< HEAD
  Triangle.cpp
C:\Users\josh\Documents\GitHub\Computer-Graphics-Course\hw3\HW3\include\ProgressBar.hpp(35,27): warning C4018: '<': signed/unsigned mismatch
  Vector3.cpp
C:\Users\josh\Documents\GitHub\Computer-Graphics-Course\hw3\HW3\Triangle.cpp(19,18): warning C4244: '=': conversion from 'double' to 'float', possible loss of data
  Generating code
  Previous IPDB not found, fall back to full compilation.
  All 799 functions were compiled because no usable IPDB/IOBJ from previous compilation was found.
=======
  main.cpp
C:\Users\josh\Documents\GitHub\Computer-Graphics-Course\hw3\HW3\include\ProgressBar.hpp(35,27): warning C4018: '<': signed/unsigned mismatch
  Generating code
  21 of 799 functions ( 2.6%) were compiled, the rest were copied from previous compilation.
    1 functions were new in current compilation
    3 functions had inline decision re-evaluated but remain unchanged
>>>>>>> parent of 8007043... Revert "Tidy up imports. Improve layout of code."
  Finished generating code
  HW3.vcxproj -> C:\Users\josh\Documents\GitHub\Computer-Graphics-Course\hw3\HW3\Release\Raytracer.exe
