c:\users\josh\documents\github\computer-graphics-course\hw3\hw3\release\vc142.pdb
c:\users\josh\documents\github\computer-graphics-course\hw3\hw3\release\vertex.obj
c:\users\josh\documents\github\computer-graphics-course\hw3\hw3\release\vector.obj
c:\users\josh\documents\github\computer-graphics-course\hw3\hw3\release\triangle.obj
c:\users\josh\documents\github\computer-graphics-course\hw3\hw3\release\sphere.obj
c:\users\josh\documents\github\computer-graphics-course\hw3\hw3\release\shape.obj
c:\users\josh\documents\github\computer-graphics-course\hw3\hw3\release\scene.obj
c:\users\josh\documents\github\computer-graphics-course\hw3\hw3\release\readfile.obj
c:\users\josh\documents\github\computer-graphics-course\hw3\hw3\release\ray.obj
c:\users\josh\documents\github\computer-graphics-course\hw3\hw3\release\pointlight.obj
c:\users\josh\documents\github\computer-graphics-course\hw3\hw3\release\point.obj
c:\users\josh\documents\github\computer-graphics-course\hw3\hw3\release\transformstack.obj
c:\users\josh\documents\github\computer-graphics-course\hw3\hw3\release\main.obj
c:\users\josh\documents\github\computer-graphics-course\hw3\hw3\release\light.obj
c:\users\josh\documents\github\computer-graphics-course\hw3\hw3\release\intersection.obj
c:\users\josh\documents\github\computer-graphics-course\hw3\hw3\release\directionallight.obj
c:\users\josh\documents\github\computer-graphics-course\hw3\hw3\release\direction.obj
c:\users\josh\documents\github\computer-graphics-course\hw3\hw3\release\color.obj
c:\users\josh\documents\github\computer-graphics-course\hw3\hw3\release\camera.obj
c:\users\josh\documents\github\computer-graphics-course\hw3\hw3\release\attenuation.obj
c:\users\josh\documents\github\computer-graphics-course\hw3\hw3\release\raytracer.ipdb
c:\users\josh\documents\github\computer-graphics-course\hw3\hw3\release\raytracer.iobj
c:\users\josh\documents\github\computer-graphics-course\hw3\hw3\release\raytracer.exe
c:\users\josh\documents\github\computer-graphics-course\hw3\hw3\release\raytracer.pdb
c:\users\josh\documents\github\computer-graphics-course\hw3\hw3\release\hw3.tlog\cl.command.1.tlog
c:\users\josh\documents\github\computer-graphics-course\hw3\hw3\release\hw3.tlog\cl.read.1.tlog
c:\users\josh\documents\github\computer-graphics-course\hw3\hw3\release\hw3.tlog\cl.write.1.tlog
c:\users\josh\documents\github\computer-graphics-course\hw3\hw3\release\hw3.tlog\hw3.write.1u.tlog
c:\users\josh\documents\github\computer-graphics-course\hw3\hw3\release\hw3.tlog\link.command.1.tlog
c:\users\josh\documents\github\computer-graphics-course\hw3\hw3\release\hw3.tlog\link.delete.1.tlog
c:\users\josh\documents\github\computer-graphics-course\hw3\hw3\release\hw3.tlog\link.read.1.tlog
c:\users\josh\documents\github\computer-graphics-course\hw3\hw3\release\hw3.tlog\link.write.1.tlog
